[0.505s] DEBUG:colcon:Command line arguments: ['/usr/bin/colcon', 'build', '--symlink-install']
[0.505s] DEBUG:colcon:Parsed command line arguments: Namespace(log_base=None, log_level=None, verb_name='build', build_base='build', install_base='install', merge_install=False, symlink_install=True, test_result_base=None, continue_on_error=False, executor='parallel', parallel_workers=12, event_handlers=None, ignore_user_meta=False, metas=['./colcon.meta'], base_paths=['.'], packages_ignore=None, packages_ignore_regex=None, paths=None, packages_up_to=None, packages_up_to_regex=None, packages_above=None, packages_above_and_dependencies=None, packages_above_depth=None, packages_select_by_dep=None, packages_skip_by_dep=None, packages_skip_up_to=None, packages_select_build_failed=False, packages_skip_build_finished=False, packages_select_test_failures=False, packages_skip_test_passed=False, packages_select=None, packages_skip=None, packages_select_regex=None, packages_skip_regex=None, packages_start=None, packages_end=None, allow_overriding=[], cmake_args=None, cmake_target=None, cmake_target_skip_unavailable=False, cmake_clean_cache=False, cmake_clean_first=False, cmake_force_configure=False, ament_cmake_args=None, catkin_cmake_args=None, catkin_skip_building_tests=False, mixin_files=None, mixin=None, verb_parser=<colcon_mixin.mixin.mixin_argument.MixinArgumentDecorator object at 0x7f76e4b567a0>, verb_extension=<colcon_core.verb.build.BuildVerb object at 0x7f76e4b56260>, main=<bound method BuildVerb.main of <colcon_core.verb.build.BuildVerb object at 0x7f76e4b56260>>, mixin_verb=('build',))
[1.537s] Level 1:colcon.colcon_core.package_discovery:discover_packages(colcon_meta) check parameters
[1.538s] Level 1:colcon.colcon_core.package_discovery:discover_packages(recursive) check parameters
[1.538s] Level 1:colcon.colcon_core.package_discovery:discover_packages(ignore) check parameters
[1.538s] Level 1:colcon.colcon_core.package_discovery:discover_packages(path) check parameters
[1.538s] Level 1:colcon.colcon_core.package_discovery:discover_packages(colcon_meta) discover
[1.538s] Level 1:colcon.colcon_core.package_discovery:discover_packages(recursive) discover
[1.539s] INFO:colcon.colcon_core.package_discovery:Crawling recursively for packages in '/home/wim/Documents/gazebo_actor_spawner'
[1.539s] Level 1:colcon.colcon_core.package_identification:_identify(.) by extensions ['ignore', 'ignore_ament_install']
[1.539s] Level 1:colcon.colcon_core.package_identification:_identify(.) by extension 'ignore'
[1.540s] Level 1:colcon.colcon_core.package_identification:_identify(.) by extension 'ignore_ament_install'
[1.540s] Level 1:colcon.colcon_core.package_identification:_identify(.) by extensions ['colcon_pkg']
[1.540s] Level 1:colcon.colcon_core.package_identification:_identify(.) by extension 'colcon_pkg'
[1.540s] Level 1:colcon.colcon_core.package_identification:_identify(.) by extensions ['colcon_meta']
[1.540s] Level 1:colcon.colcon_core.package_identification:_identify(.) by extension 'colcon_meta'
[1.541s] Level 1:colcon.colcon_core.package_identification:_identify(.) by extensions ['ros']
[1.541s] Level 1:colcon.colcon_core.package_identification:_identify(.) by extension 'ros'
[1.620s] DEBUG:colcon.colcon_core.package_identification:Package '.' with type 'ros.ament_python' and name 'gazebo_actor_spawner'
[1.621s] Level 1:colcon.colcon_core.package_discovery:discover_packages(recursive) using defaults
[1.621s] Level 1:colcon.colcon_core.package_discovery:discover_packages(ignore) discover
[1.621s] Level 1:colcon.colcon_core.package_discovery:discover_packages(ignore) using defaults
[1.621s] Level 1:colcon.colcon_core.package_discovery:discover_packages(path) discover
[1.621s] Level 1:colcon.colcon_core.package_discovery:discover_packages(path) using defaults
[1.703s] Level 1:colcon.colcon_core.package_discovery:discover_packages(prefix_path) check parameters
[1.703s] Level 1:colcon.colcon_core.package_discovery:discover_packages(prefix_path) discover
[1.714s] DEBUG:colcon.colcon_installed_package_information.package_discovery:Found 393 installed packages in /opt/ros/humble
[1.725s] Level 1:colcon.colcon_core.package_discovery:discover_packages(prefix_path) using defaults
[1.939s] Level 5:colcon.colcon_core.verb:set package 'gazebo_actor_spawner' build argument 'cmake_args' from command line to 'None'
[1.939s] Level 5:colcon.colcon_core.verb:set package 'gazebo_actor_spawner' build argument 'cmake_target' from command line to 'None'
[1.939s] Level 5:colcon.colcon_core.verb:set package 'gazebo_actor_spawner' build argument 'cmake_target_skip_unavailable' from command line to 'False'
[1.940s] Level 5:colcon.colcon_core.verb:set package 'gazebo_actor_spawner' build argument 'cmake_clean_cache' from command line to 'False'
[1.940s] Level 5:colcon.colcon_core.verb:set package 'gazebo_actor_spawner' build argument 'cmake_clean_first' from command line to 'False'
[1.940s] Level 5:colcon.colcon_core.verb:set package 'gazebo_actor_spawner' build argument 'cmake_force_configure' from command line to 'False'
[1.940s] Level 5:colcon.colcon_core.verb:set package 'gazebo_actor_spawner' build argument 'ament_cmake_args' from command line to 'None'
[1.940s] Level 5:colcon.colcon_core.verb:set package 'gazebo_actor_spawner' build argument 'catkin_cmake_args' from command line to 'None'
[1.940s] Level 5:colcon.colcon_core.verb:set package 'gazebo_actor_spawner' build argument 'catkin_skip_building_tests' from command line to 'False'
[1.940s] DEBUG:colcon.colcon_core.verb:Building package 'gazebo_actor_spawner' with the following arguments: {'ament_cmake_args': None, 'build_base': '/home/wim/Documents/gazebo_actor_spawner/build/gazebo_actor_spawner', 'catkin_cmake_args': None, 'catkin_skip_building_tests': False, 'cmake_args': None, 'cmake_clean_cache': False, 'cmake_clean_first': False, 'cmake_force_configure': False, 'cmake_target': None, 'cmake_target_skip_unavailable': False, 'install_base': '/home/wim/Documents/gazebo_actor_spawner/install/gazebo_actor_spawner', 'merge_install': False, 'path': '/home/wim/Documents/gazebo_actor_spawner', 'symlink_install': True, 'test_result_base': None}
[1.941s] INFO:colcon.colcon_core.executor:Executing jobs using 'parallel' executor
[1.944s] DEBUG:colcon.colcon_parallel_executor.executor.parallel:run_until_complete
[1.945s] INFO:colcon.colcon_ros.task.ament_python.build:Building ROS package in '/home/wim/Documents/gazebo_actor_spawner' with build type 'ament_python'
[1.945s] Level 1:colcon.colcon_core.shell:create_environment_hook('gazebo_actor_spawner', 'ament_prefix_path')
[1.953s] INFO:colcon.colcon_core.plugin_system:Skipping extension 'colcon_core.shell.bat': Not used on non-Windows systems
[1.953s] INFO:colcon.colcon_core.shell:Creating environment hook '/home/wim/Documents/gazebo_actor_spawner/install/gazebo_actor_spawner/share/gazebo_actor_spawner/hook/ament_prefix_path.ps1'
[1.956s] INFO:colcon.colcon_core.shell:Creating environment descriptor '/home/wim/Documents/gazebo_actor_spawner/install/gazebo_actor_spawner/share/gazebo_actor_spawner/hook/ament_prefix_path.dsv'
[1.958s] INFO:colcon.colcon_core.shell:Creating environment hook '/home/wim/Documents/gazebo_actor_spawner/install/gazebo_actor_spawner/share/gazebo_actor_spawner/hook/ament_prefix_path.sh'
[1.961s] INFO:colcon.colcon_core.shell:Skip shell extension 'powershell' for command environment: Not usable outside of PowerShell
[1.961s] DEBUG:colcon.colcon_core.shell:Skip shell extension 'dsv' for command environment
[3.238s] INFO:colcon.colcon_core.task.python.build:Building Python package in '/home/wim/Documents/gazebo_actor_spawner'
[3.239s] INFO:colcon.colcon_core.shell:Skip shell extension 'powershell' for command environment: Not usable outside of PowerShell
[3.239s] DEBUG:colcon.colcon_core.shell:Skip shell extension 'dsv' for command environment
[5.123s] DEBUG:colcon.colcon_core.event_handler.log_command:Invoking command in '/home/wim/Documents/gazebo_actor_spawner/build/gazebo_actor_spawner': PYTHONPATH=/home/wim/Documents/gazebo_actor_spawner/build/gazebo_actor_spawner/prefix_override:/usr/lib/python3/dist-packages/colcon_core/task/python/colcon_distutils_commands:/home/wim/Documents/gazebo_actor_spawner/install/gazebo_actor_spawner/lib/python3.10/site-packages:${PYTHONPATH} /usr/bin/python3 -W ignore:setup.py install is deprecated -W ignore:easy_install command is deprecated setup.py develop --editable --build-directory /home/wim/Documents/gazebo_actor_spawner/build/gazebo_actor_spawner/build --no-deps symlink_data
[7.772s] Level 1:colcon.colcon_core.shell:create_environment_hook('gazebo_actor_spawner', 'pythonpath_develop')
[7.773s] DEBUG:colcon.colcon_core.event_handler.log_command:Invoked command in '/home/wim/Documents/gazebo_actor_spawner/build/gazebo_actor_spawner' returned '0': PYTHONPATH=/home/wim/Documents/gazebo_actor_spawner/build/gazebo_actor_spawner/prefix_override:/usr/lib/python3/dist-packages/colcon_core/task/python/colcon_distutils_commands:/home/wim/Documents/gazebo_actor_spawner/install/gazebo_actor_spawner/lib/python3.10/site-packages:${PYTHONPATH} /usr/bin/python3 -W ignore:setup.py install is deprecated -W ignore:easy_install command is deprecated setup.py develop --editable --build-directory /home/wim/Documents/gazebo_actor_spawner/build/gazebo_actor_spawner/build --no-deps symlink_data
[7.774s] INFO:colcon.colcon_core.shell:Creating environment hook '/home/wim/Documents/gazebo_actor_spawner/build/gazebo_actor_spawner/src/share/gazebo_actor_spawner/hook/pythonpath_develop.ps1'
[7.777s] INFO:colcon.colcon_core.shell:Creating environment descriptor '/home/wim/Documents/gazebo_actor_spawner/build/gazebo_actor_spawner/src/share/gazebo_actor_spawner/hook/pythonpath_develop.dsv'
[7.778s] INFO:colcon.colcon_core.shell:Creating environment hook '/home/wim/Documents/gazebo_actor_spawner/build/gazebo_actor_spawner/src/share/gazebo_actor_spawner/hook/pythonpath_develop.sh'
[7.788s] Level 1:colcon.colcon_core.environment:checking '/home/wim/Documents/gazebo_actor_spawner/install/gazebo_actor_spawner' for CMake module files
[7.790s] Level 1:colcon.colcon_core.environment:checking '/home/wim/Documents/gazebo_actor_spawner/install/gazebo_actor_spawner' for CMake config files
[7.792s] Level 1:colcon.colcon_core.environment:checking '/home/wim/Documents/gazebo_actor_spawner/install/gazebo_actor_spawner/lib'
[7.793s] Level 1:colcon.colcon_core.environment:checking '/home/wim/Documents/gazebo_actor_spawner/install/gazebo_actor_spawner/bin'
[7.793s] Level 1:colcon.colcon_core.shell:create_environment_hook('gazebo_actor_spawner', 'path')
[7.794s] INFO:colcon.colcon_core.shell:Creating environment hook '/home/wim/Documents/gazebo_actor_spawner/install/gazebo_actor_spawner/share/gazebo_actor_spawner/hook/path.ps1'
[7.795s] INFO:colcon.colcon_core.shell:Creating environment descriptor '/home/wim/Documents/gazebo_actor_spawner/install/gazebo_actor_spawner/share/gazebo_actor_spawner/hook/path.dsv'
[7.796s] INFO:colcon.colcon_core.shell:Creating environment hook '/home/wim/Documents/gazebo_actor_spawner/install/gazebo_actor_spawner/share/gazebo_actor_spawner/hook/path.sh'
[7.798s] Level 1:colcon.colcon_core.environment:checking '/home/wim/Documents/gazebo_actor_spawner/install/gazebo_actor_spawner/lib/pkgconfig/gazebo_actor_spawner.pc'
[7.799s] Level 1:colcon.colcon_core.environment:checking '/home/wim/Documents/gazebo_actor_spawner/install/gazebo_actor_spawner/lib/python3.10/site-packages'
[7.799s] Level 1:colcon.colcon_core.shell:create_environment_hook('gazebo_actor_spawner', 'pythonpath')
[7.800s] INFO:colcon.colcon_core.shell:Creating environment hook '/home/wim/Documents/gazebo_actor_spawner/install/gazebo_actor_spawner/share/gazebo_actor_spawner/hook/pythonpath.ps1'
[7.801s] INFO:colcon.colcon_core.shell:Creating environment descriptor '/home/wim/Documents/gazebo_actor_spawner/install/gazebo_actor_spawner/share/gazebo_actor_spawner/hook/pythonpath.dsv'
[7.802s] INFO:colcon.colcon_core.shell:Creating environment hook '/home/wim/Documents/gazebo_actor_spawner/install/gazebo_actor_spawner/share/gazebo_actor_spawner/hook/pythonpath.sh'
[7.804s] Level 1:colcon.colcon_core.environment:checking '/home/wim/Documents/gazebo_actor_spawner/install/gazebo_actor_spawner/bin'
[7.805s] Level 1:colcon.colcon_core.shell:create_environment_hook('gazebo_actor_spawner', 'pythonscriptspath')
[7.805s] INFO:colcon.colcon_core.shell:Creating environment hook '/home/wim/Documents/gazebo_actor_spawner/install/gazebo_actor_spawner/share/gazebo_actor_spawner/hook/pythonscriptspath.ps1'
[7.807s] INFO:colcon.colcon_core.shell:Creating environment descriptor '/home/wim/Documents/gazebo_actor_spawner/install/gazebo_actor_spawner/share/gazebo_actor_spawner/hook/pythonscriptspath.dsv'
[7.808s] INFO:colcon.colcon_core.shell:Creating environment hook '/home/wim/Documents/gazebo_actor_spawner/install/gazebo_actor_spawner/share/gazebo_actor_spawner/hook/pythonscriptspath.sh'
[7.809s] Level 1:colcon.colcon_core.environment:create_environment_scripts_only(gazebo_actor_spawner)
[7.811s] INFO:colcon.colcon_core.shell:Creating package script '/home/wim/Documents/gazebo_actor_spawner/install/gazebo_actor_spawner/share/gazebo_actor_spawner/package.ps1'
[7.815s] INFO:colcon.colcon_core.shell:Creating package descriptor '/home/wim/Documents/gazebo_actor_spawner/install/gazebo_actor_spawner/share/gazebo_actor_spawner/package.dsv'
[7.817s] INFO:colcon.colcon_core.shell:Creating package script '/home/wim/Documents/gazebo_actor_spawner/install/gazebo_actor_spawner/share/gazebo_actor_spawner/package.sh'
[7.821s] INFO:colcon.colcon_core.shell:Creating package script '/home/wim/Documents/gazebo_actor_spawner/install/gazebo_actor_spawner/share/gazebo_actor_spawner/package.bash'
[7.824s] INFO:colcon.colcon_core.shell:Creating package script '/home/wim/Documents/gazebo_actor_spawner/install/gazebo_actor_spawner/share/gazebo_actor_spawner/package.zsh'
[7.826s] Level 1:colcon.colcon_core.environment:create_file_with_runtime_dependencies(/home/wim/Documents/gazebo_actor_spawner/install/gazebo_actor_spawner/share/colcon-core/packages/gazebo_actor_spawner)
[7.828s] DEBUG:colcon.colcon_parallel_executor.executor.parallel:closing loop
[7.829s] DEBUG:colcon.colcon_parallel_executor.executor.parallel:loop closed
[7.829s] DEBUG:colcon.colcon_parallel_executor.executor.parallel:run_until_complete finished with '0'
[7.829s] DEBUG:colcon.colcon_core.event_reactor:joining thread
[7.847s] INFO:colcon.colcon_core.plugin_system:Skipping extension 'colcon_notification.desktop_notification.terminal_notifier': Not used on non-Darwin systems
[7.848s] INFO:colcon.colcon_core.plugin_system:Skipping extension 'colcon_notification.desktop_notification.win32': Not used on non-Windows systems
[7.848s] INFO:colcon.colcon_notification.desktop_notification:Sending desktop notification using 'notify2'
[7.890s] DEBUG:colcon.colcon_core.event_reactor:joined thread
[7.892s] INFO:colcon.colcon_core.shell:Creating prefix script '/home/wim/Documents/gazebo_actor_spawner/install/local_setup.ps1'
[7.895s] INFO:colcon.colcon_core.shell:Creating prefix util module '/home/wim/Documents/gazebo_actor_spawner/install/_local_setup_util_ps1.py'
[7.901s] INFO:colcon.colcon_core.shell:Creating prefix chain script '/home/wim/Documents/gazebo_actor_spawner/install/setup.ps1'
[7.905s] INFO:colcon.colcon_core.shell:Creating prefix script '/home/wim/Documents/gazebo_actor_spawner/install/local_setup.sh'
[7.907s] INFO:colcon.colcon_core.shell:Creating prefix util module '/home/wim/Documents/gazebo_actor_spawner/install/_local_setup_util_sh.py'
[7.909s] INFO:colcon.colcon_core.shell:Creating prefix chain script '/home/wim/Documents/gazebo_actor_spawner/install/setup.sh'
[7.913s] INFO:colcon.colcon_core.shell:Creating prefix script '/home/wim/Documents/gazebo_actor_spawner/install/local_setup.bash'
[7.915s] INFO:colcon.colcon_core.shell:Creating prefix chain script '/home/wim/Documents/gazebo_actor_spawner/install/setup.bash'
[7.918s] INFO:colcon.colcon_core.shell:Creating prefix script '/home/wim/Documents/gazebo_actor_spawner/install/local_setup.zsh'
[7.920s] INFO:colcon.colcon_core.shell:Creating prefix chain script '/home/wim/Documents/gazebo_actor_spawner/install/setup.zsh'
