running develop
running egg_info
creating src/gazebo_actor_spawner.egg-info
writing src/gazebo_actor_spawner.egg-info/PKG-INFO
writing dependency_links to src/gazebo_actor_spawner.egg-info/dependency_links.txt
writing entry points to src/gazebo_actor_spawner.egg-info/entry_points.txt
writing requirements to src/gazebo_actor_spawner.egg-info/requires.txt
writing top-level names to src/gazebo_actor_spawner.egg-info/top_level.txt
writing manifest file 'src/gazebo_actor_spawner.egg-info/SOURCES.txt'
reading manifest file 'src/gazebo_actor_spawner.egg-info/SOURCES.txt'
writing manifest file 'src/gazebo_actor_spawner.egg-info/SOURCES.txt'
running build_ext
Creating /home/wim/Documents/gazebo_actor_spawner/install/gazebo_actor_spawner/lib/python3.10/site-packages/gazebo-actor-spawner.egg-link (link to src)
Installing spawn_actors script to /home/wim/Documents/gazebo_actor_spawner/install/gazebo_actor_spawner/bin

Installed /home/wim/Documents/gazebo_actor_spawner/build/gazebo_actor_spawner/src
running symlink_data
creating /home/wim/Documents/gazebo_actor_spawner/install/gazebo_actor_spawner/share/ament_index
creating /home/wim/Documents/gazebo_actor_spawner/install/gazebo_actor_spawner/share/ament_index/resource_index
creating /home/wim/Documents/gazebo_actor_spawner/install/gazebo_actor_spawner/share/ament_index/resource_index/packages
symbolically linking /home/wim/Documents/gazebo_actor_spawner/build/gazebo_actor_spawner/resource/gazebo_actor_spawner -> /home/wim/Documents/gazebo_actor_spawner/install/gazebo_actor_spawner/share/ament_index/resource_index/packages
symbolically linking /home/wim/Documents/gazebo_actor_spawner/build/gazebo_actor_spawner/package.xml -> /home/wim/Documents/gazebo_actor_spawner/install/gazebo_actor_spawner/share/gazebo_actor_spawner
creating /home/wim/Documents/gazebo_actor_spawner/install/gazebo_actor_spawner/lib/gazebo_actor_spawner
symbolically linking /home/wim/Documents/gazebo_actor_spawner/build/gazebo_actor_spawner/scripts/spawn_actors -> /home/wim/Documents/gazebo_actor_spawner/install/gazebo_actor_spawner/lib/gazebo_actor_spawner
