[3.175s] Invoking command in '/home/wim/Documents/gazebo_actor_spawner/build/gazebo_actor_spawner': PYTHONPATH=/home/wim/Documents/gazebo_actor_spawner/build/gazebo_actor_spawner/prefix_override:/usr/lib/python3/dist-packages/colcon_core/task/python/colcon_distutils_commands:/home/wim/Documents/gazebo_actor_spawner/install/gazebo_actor_spawner/lib/python3.10/site-packages:${PYTHONPATH} /usr/bin/python3 -W ignore:setup.py install is deprecated -W ignore:easy_install command is deprecated setup.py develop --editable --build-directory /home/wim/Documents/gazebo_actor_spawner/build/gazebo_actor_spawner/build --no-deps symlink_data
[4.473s] running develop
[5.452s] running egg_info
[5.452s] creating src/gazebo_actor_spawner.egg-info
[5.453s] writing src/gazebo_actor_spawner.egg-info/PKG-INFO
[5.454s] writing dependency_links to src/gazebo_actor_spawner.egg-info/dependency_links.txt
[5.454s] writing entry points to src/gazebo_actor_spawner.egg-info/entry_points.txt
[5.455s] writing requirements to src/gazebo_actor_spawner.egg-info/requires.txt
[5.456s] writing top-level names to src/gazebo_actor_spawner.egg-info/top_level.txt
[5.456s] writing manifest file 'src/gazebo_actor_spawner.egg-info/SOURCES.txt'
[5.462s] reading manifest file 'src/gazebo_actor_spawner.egg-info/SOURCES.txt'
[5.464s] writing manifest file 'src/gazebo_actor_spawner.egg-info/SOURCES.txt'
[5.696s] running build_ext
[5.697s] Creating /home/wim/Documents/gazebo_actor_spawner/install/gazebo_actor_spawner/lib/python3.10/site-packages/gazebo-actor-spawner.egg-link (link to src)
[5.700s] Installing spawn_actors script to /home/wim/Documents/gazebo_actor_spawner/install/gazebo_actor_spawner/bin
[5.702s] 
[5.702s] Installed /home/wim/Documents/gazebo_actor_spawner/build/gazebo_actor_spawner/src
[5.703s] running symlink_data
[5.704s] creating /home/wim/Documents/gazebo_actor_spawner/install/gazebo_actor_spawner/share/ament_index
[5.704s] creating /home/wim/Documents/gazebo_actor_spawner/install/gazebo_actor_spawner/share/ament_index/resource_index
[5.704s] creating /home/wim/Documents/gazebo_actor_spawner/install/gazebo_actor_spawner/share/ament_index/resource_index/packages
[5.705s] symbolically linking /home/wim/Documents/gazebo_actor_spawner/build/gazebo_actor_spawner/resource/gazebo_actor_spawner -> /home/wim/Documents/gazebo_actor_spawner/install/gazebo_actor_spawner/share/ament_index/resource_index/packages
[5.705s] symbolically linking /home/wim/Documents/gazebo_actor_spawner/build/gazebo_actor_spawner/package.xml -> /home/wim/Documents/gazebo_actor_spawner/install/gazebo_actor_spawner/share/gazebo_actor_spawner
[5.706s] creating /home/wim/Documents/gazebo_actor_spawner/install/gazebo_actor_spawner/lib/gazebo_actor_spawner
[5.706s] symbolically linking /home/wim/Documents/gazebo_actor_spawner/build/gazebo_actor_spawner/scripts/spawn_actors -> /home/wim/Documents/gazebo_actor_spawner/install/gazebo_actor_spawner/lib/gazebo_actor_spawner
[5.826s] Invoked command in '/home/wim/Documents/gazebo_actor_spawner/build/gazebo_actor_spawner' returned '0': PYTHONPATH=/home/wim/Documents/gazebo_actor_spawner/build/gazebo_actor_spawner/prefix_override:/usr/lib/python3/dist-packages/colcon_core/task/python/colcon_distutils_commands:/home/wim/Documents/gazebo_actor_spawner/install/gazebo_actor_spawner/lib/python3.10/site-packages:${PYTHONPATH} /usr/bin/python3 -W ignore:setup.py install is deprecated -W ignore:easy_install command is deprecated setup.py develop --editable --build-directory /home/wim/Documents/gazebo_actor_spawner/build/gazebo_actor_spawner/build --no-deps symlink_data
